manifest-merger-release-report.txt
-- Merging decision tree log ---
manifest
ADDED from AndroidManifest.xml:2:1
	xmlns:android
		ADDED from AndroidManifest.xml:2:11
	package
		ADDED from AndroidManifest.xml:3:5
	android:versionName
		ADDED from AndroidManifest.xml:5:5
	android:versionCode
		ADDED from AndroidManifest.xml:4:5
		INJECTED from AndroidManifest.xml:0:0
		INJECTED from AndroidManifest.xml:0:0
uses-sdk
ADDED from AndroidManifest.xml:7:5
	android:targetSdkVersion
		ADDED from AndroidManifest.xml:9:9
		INJECTED from AndroidManifest.xml:0:0
		INJECTED from AndroidManifest.xml:0:0
	android:minSdkVersion
		ADDED from AndroidManifest.xml:8:9
uses-permission#android.permission.READ_EXTERNAL_STORAGE
ADDED from AndroidManifest.xml:11:5
	android:name
		ADDED from AndroidManifest.xml:11:22
uses-feature#android.hardware.camera
ADDED from AndroidManifest.xml:13:5
	android:required
		ADDED from AndroidManifest.xml:15:9
	android:name
		ADDED from AndroidManifest.xml:14:9
uses-permission#android.permission.CAMERA
ADDED from AndroidManifest.xml:17:5
	android:name
		ADDED from AndroidManifest.xml:17:22
uses-feature#android.hardware.camera.autofocus
ADDED from AndroidManifest.xml:19:5
	android:required
		ADDED from AndroidManifest.xml:20:9
	android:name
		ADDED from AndroidManifest.xml:19:19
uses-permission#android.permission.WRITE_EXTERNAL_STORAGE
ADDED from AndroidManifest.xml:22:5
	android:name
		ADDED from AndroidManifest.xml:22:22
uses-permission#android.permission.INTERNET
ADDED from AndroidManifest.xml:23:5
	android:name
		ADDED from AndroidManifest.xml:23:22
uses-permission#android.permission.ACCESS_NETWORK_STATE
ADDED from AndroidManifest.xml:24:5
	android:name
		ADDED from AndroidManifest.xml:24:22
application
ADDED from AndroidManifest.xml:26:5
	android:label
		ADDED from AndroidManifest.xml:30:9
	android:allowBackup
		ADDED from AndroidManifest.xml:28:9
	android:icon
		ADDED from AndroidManifest.xml:29:9
	android:theme
		ADDED from AndroidManifest.xml:31:9
	android:hardwareAccelerated
		ADDED from AndroidManifest.xml:32:9
	android:largeHeap
		ADDED from AndroidManifest.xml:33:3
	android:name
		ADDED from AndroidManifest.xml:27:9
activity#com.contractorsintelligence.cis.MainActivity
ADDED from AndroidManifest.xml:34:9
	android:screenOrientation
		ADDED from AndroidManifest.xml:38:13
	android:label
		ADDED from AndroidManifest.xml:37:13
	android:configChanges
		ADDED from AndroidManifest.xml:36:13
	android:theme
		ADDED from AndroidManifest.xml:39:13
	android:name
		ADDED from AndroidManifest.xml:35:13
intent-filter#android.intent.action.MAIN+android.intent.category.LAUNCHER
ADDED from AndroidManifest.xml:40:13
action#android.intent.action.MAIN
ADDED from AndroidManifest.xml:41:17
	android:name
		ADDED from AndroidManifest.xml:41:25
category#android.intent.category.LAUNCHER
ADDED from AndroidManifest.xml:43:17
	android:name
		ADDED from AndroidManifest.xml:43:27
activity#com.contractorsintelligence.cis.LoginActivity
ADDED from AndroidManifest.xml:46:9
	android:windowSoftInputMode
		ADDED from AndroidManifest.xml:52:13
	android:screenOrientation
		ADDED from AndroidManifest.xml:50:13
	android:label
		ADDED from AndroidManifest.xml:49:13
	android:configChanges
		ADDED from AndroidManifest.xml:48:13
	android:theme
		ADDED from AndroidManifest.xml:51:13
	android:name
		ADDED from AndroidManifest.xml:47:13
activity#com.contractorsintelligence.cis.RegisterActivity
ADDED from AndroidManifest.xml:54:9
	android:screenOrientation
		ADDED from AndroidManifest.xml:58:13
	android:label
		ADDED from AndroidManifest.xml:57:13
	android:configChanges
		ADDED from AndroidManifest.xml:56:13
	android:theme
		ADDED from AndroidManifest.xml:59:13
	android:name
		ADDED from AndroidManifest.xml:55:13
activity#com.contractorsintelligence.cis.homeActivity
ADDED from AndroidManifest.xml:61:9
	android:screenOrientation
		ADDED from AndroidManifest.xml:65:13
	android:label
		ADDED from AndroidManifest.xml:64:13
	android:configChanges
		ADDED from AndroidManifest.xml:63:13
	android:theme
		ADDED from AndroidManifest.xml:66:13
	android:name
		ADDED from AndroidManifest.xml:62:13
activity#com.contractorsintelligence.cis.ForgotPasswordActivity
ADDED from AndroidManifest.xml:68:9
	android:screenOrientation
		ADDED from AndroidManifest.xml:72:13
	android:label
		ADDED from AndroidManifest.xml:71:13
	android:configChanges
		ADDED from AndroidManifest.xml:70:13
	android:theme
		ADDED from AndroidManifest.xml:73:13
	android:name
		ADDED from AndroidManifest.xml:69:13
activity#com.contractorsintelligence.demo_practice_test.PracticeExam
ADDED from AndroidManifest.xml:75:9
	android:screenOrientation
		ADDED from AndroidManifest.xml:79:13
	android:label
		ADDED from AndroidManifest.xml:78:13
	android:configChanges
		ADDED from AndroidManifest.xml:77:13
	android:theme
		ADDED from AndroidManifest.xml:80:13
	android:name
		ADDED from AndroidManifest.xml:76:13
activity#com.contractorsintelligence.application.ApplicationActivity
ADDED from AndroidManifest.xml:82:9
	android:screenOrientation
		ADDED from AndroidManifest.xml:86:13
	android:label
		ADDED from AndroidManifest.xml:85:13
	android:configChanges
		ADDED from AndroidManifest.xml:84:13
	android:theme
		ADDED from AndroidManifest.xml:87:13
	android:name
		ADDED from AndroidManifest.xml:83:13
activity#com.contractorsintelligence.application.ImageUpload
ADDED from AndroidManifest.xml:89:9
	android:screenOrientation
		ADDED from AndroidManifest.xml:93:13
	android:label
		ADDED from AndroidManifest.xml:92:13
	android:configChanges
		ADDED from AndroidManifest.xml:91:13
	android:theme
		ADDED from AndroidManifest.xml:94:13
	android:name
		ADDED from AndroidManifest.xml:90:13
activity#com.contractorsintelligence.application.VideoApplication
ADDED from AndroidManifest.xml:96:9
	android:screenOrientation
		ADDED from AndroidManifest.xml:100:13
	android:label
		ADDED from AndroidManifest.xml:99:13
	android:configChanges
		ADDED from AndroidManifest.xml:98:13
	android:theme
		ADDED from AndroidManifest.xml:101:13
	android:name
		ADDED from AndroidManifest.xml:97:13
activity#com.contractorsintelligence.application.VideoPlay
ADDED from AndroidManifest.xml:103:9
	android:screenOrientation
		ADDED from AndroidManifest.xml:106:13
	android:label
		ADDED from AndroidManifest.xml:105:13
	android:theme
		ADDED from AndroidManifest.xml:107:13
	android:name
		ADDED from AndroidManifest.xml:104:13
activity#com.contractorsintelligence.application.ViewCorrections
ADDED from AndroidManifest.xml:109:9
	android:screenOrientation
		ADDED from AndroidManifest.xml:113:13
	android:label
		ADDED from AndroidManifest.xml:112:13
	android:configChanges
		ADDED from AndroidManifest.xml:111:13
	android:theme
		ADDED from AndroidManifest.xml:114:13
	android:name
		ADDED from AndroidManifest.xml:110:13
activity#com.contractorsintelligence.application.DownloadForms
ADDED from AndroidManifest.xml:116:9
	android:screenOrientation
		ADDED from AndroidManifest.xml:120:13
	android:label
		ADDED from AndroidManifest.xml:119:13
	android:configChanges
		ADDED from AndroidManifest.xml:118:13
	android:theme
		ADDED from AndroidManifest.xml:121:13
	android:name
		ADDED from AndroidManifest.xml:117:13
activity#com.contractorsintelligence.application.WebViewViewcorrections
ADDED from AndroidManifest.xml:123:9
	android:screenOrientation
		ADDED from AndroidManifest.xml:127:13
	android:label
		ADDED from AndroidManifest.xml:126:13
	android:configChanges
		ADDED from AndroidManifest.xml:125:13
	android:theme
		ADDED from AndroidManifest.xml:128:13
	android:name
		ADDED from AndroidManifest.xml:124:13
activity#com.contractorsintelligence.application.ImageDisplay
ADDED from AndroidManifest.xml:130:9
	android:screenOrientation
		ADDED from AndroidManifest.xml:135:13
	android:label
		ADDED from AndroidManifest.xml:133:13
	android:configChanges
		ADDED from AndroidManifest.xml:132:13
	android:theme
		ADDED from AndroidManifest.xml:136:13
	android:largeHeap
		ADDED from AndroidManifest.xml:134:13
	android:name
		ADDED from AndroidManifest.xml:131:13
activity#com.contractorsintelligence.online_test_subscription.EndTest
ADDED from AndroidManifest.xml:138:9
	android:screenOrientation
		ADDED from AndroidManifest.xml:142:13
	android:label
		ADDED from AndroidManifest.xml:141:13
	android:configChanges
		ADDED from AndroidManifest.xml:140:13
	android:theme
		ADDED from AndroidManifest.xml:143:13
	android:name
		ADDED from AndroidManifest.xml:139:13
activity#com.contractorsintelligence.online_test_subscription.YourTestSubscriptionApp
ADDED from AndroidManifest.xml:145:9
	android:screenOrientation
		ADDED from AndroidManifest.xml:149:13
	android:label
		ADDED from AndroidManifest.xml:148:13
	android:configChanges
		ADDED from AndroidManifest.xml:147:13
	android:theme
		ADDED from AndroidManifest.xml:150:13
	android:name
		ADDED from AndroidManifest.xml:146:13
activity#com.contractorsintelligence.online_test_subscription.OnlinePracticeExamApp
ADDED from AndroidManifest.xml:152:9
	android:screenOrientation
		ADDED from AndroidManifest.xml:156:13
	android:label
		ADDED from AndroidManifest.xml:155:13
	android:configChanges
		ADDED from AndroidManifest.xml:154:13
	android:theme
		ADDED from AndroidManifest.xml:157:13
	android:name
		ADDED from AndroidManifest.xml:153:13
activity#com.contractorsintelligence.cis.ApplicationhomeActivity
ADDED from AndroidManifest.xml:159:9
	android:screenOrientation
		ADDED from AndroidManifest.xml:163:13
	android:label
		ADDED from AndroidManifest.xml:162:13
	android:configChanges
		ADDED from AndroidManifest.xml:161:13
	android:theme
		ADDED from AndroidManifest.xml:164:13
	android:name
		ADDED from AndroidManifest.xml:160:13
activity#com.contractorsintelligence.demo_practice_test.StartLABtest
ADDED from AndroidManifest.xml:166:9
	android:screenOrientation
		ADDED from AndroidManifest.xml:170:13
	android:label
		ADDED from AndroidManifest.xml:169:13
	android:configChanges
		ADDED from AndroidManifest.xml:168:13
	android:theme
		ADDED from AndroidManifest.xml:171:13
	android:name
		ADDED from AndroidManifest.xml:167:13
activity#com.contractorsintelligence.demo_practice_test.LawandBusinessFirstPage
ADDED from AndroidManifest.xml:173:9
	android:screenOrientation
		ADDED from AndroidManifest.xml:177:13
	android:label
		ADDED from AndroidManifest.xml:176:13
	android:configChanges
		ADDED from AndroidManifest.xml:175:13
	android:theme
		ADDED from AndroidManifest.xml:178:13
	android:name
		ADDED from AndroidManifest.xml:174:13
activity#com.contractorsintelligence.demo_practice_test.DemostartpageTest
ADDED from AndroidManifest.xml:180:9
	android:screenOrientation
		ADDED from AndroidManifest.xml:184:13
	android:label
		ADDED from AndroidManifest.xml:183:13
	android:configChanges
		ADDED from AndroidManifest.xml:182:13
	android:theme
		ADDED from AndroidManifest.xml:185:13
	android:name
		ADDED from AndroidManifest.xml:181:13
activity#com.contractorsintelligence.demo_practice_test.GeneralHealthSafetyTest
ADDED from AndroidManifest.xml:187:9
	android:screenOrientation
		ADDED from AndroidManifest.xml:191:13
	android:label
		ADDED from AndroidManifest.xml:190:13
	android:configChanges
		ADDED from AndroidManifest.xml:189:13
	android:theme
		ADDED from AndroidManifest.xml:192:13
	android:name
		ADDED from AndroidManifest.xml:188:13
activity#com.contractorsintelligence.demo_practice_test.ImageZoom
ADDED from AndroidManifest.xml:194:9
	android:screenOrientation
		ADDED from AndroidManifest.xml:198:13
	android:label
		ADDED from AndroidManifest.xml:197:13
	android:configChanges
		ADDED from AndroidManifest.xml:196:13
	android:theme
		ADDED from AndroidManifest.xml:199:13
	android:name
		ADDED from AndroidManifest.xml:195:13
activity#com.contractorsintelligence.order_online_test.OrderOnlineTest
ADDED from AndroidManifest.xml:201:9
	android:screenOrientation
		ADDED from AndroidManifest.xml:205:13
	android:label
		ADDED from AndroidManifest.xml:204:13
	android:configChanges
		ADDED from AndroidManifest.xml:203:13
	android:theme
		ADDED from AndroidManifest.xml:206:13
	android:name
		ADDED from AndroidManifest.xml:202:13
activity#com.contractorsintelligence.order_online_test.WebViewOrderTest
ADDED from AndroidManifest.xml:208:9
	android:screenOrientation
		ADDED from AndroidManifest.xml:212:13
	android:label
		ADDED from AndroidManifest.xml:211:13
	android:configChanges
		ADDED from AndroidManifest.xml:210:13
	android:theme
		ADDED from AndroidManifest.xml:213:13
	android:name
		ADDED from AndroidManifest.xml:209:13
activity#com.contractorsintelligence.settings.ChangeCustomerInfo
ADDED from AndroidManifest.xml:215:9
	android:screenOrientation
		ADDED from AndroidManifest.xml:219:13
	android:label
		ADDED from AndroidManifest.xml:218:13
	android:configChanges
		ADDED from AndroidManifest.xml:217:13
	android:theme
		ADDED from AndroidManifest.xml:220:13
	android:name
		ADDED from AndroidManifest.xml:216:13
activity#com.contractorsintelligence.settings.SettingsActivity
ADDED from AndroidManifest.xml:222:9
	android:screenOrientation
		ADDED from AndroidManifest.xml:226:13
	android:label
		ADDED from AndroidManifest.xml:225:13
	android:configChanges
		ADDED from AndroidManifest.xml:224:13
	android:theme
		ADDED from AndroidManifest.xml:227:13
	android:name
		ADDED from AndroidManifest.xml:223:13
activity#com.contractorsintelligence.settings.CancelSubscribtionTest
ADDED from AndroidManifest.xml:229:9
	android:screenOrientation
		ADDED from AndroidManifest.xml:233:13
	android:label
		ADDED from AndroidManifest.xml:232:13
	android:configChanges
		ADDED from AndroidManifest.xml:231:13
	android:theme
		ADDED from AndroidManifest.xml:234:13
	android:name
		ADDED from AndroidManifest.xml:230:13
activity#com.contractorsintelligence.cis.Agreement
ADDED from AndroidManifest.xml:237:11
	android:screenOrientation
		ADDED from AndroidManifest.xml:241:13
	android:label
		ADDED from AndroidManifest.xml:240:13
	android:configChanges
		ADDED from AndroidManifest.xml:239:13
	android:theme
		ADDED from AndroidManifest.xml:242:13
	android:name
		ADDED from AndroidManifest.xml:238:13
receiver#com.google.android.gcm.GCMBroadcastReceiver
ADDED from AndroidManifest.xml:246:9
	android:permission
		ADDED from AndroidManifest.xml:248:13
	android:name
		ADDED from AndroidManifest.xml:247:13
intent-filter#com.contractorsintelligence+com.google.android.c2dm.intent.RECEIVE+com.google.android.c2dm.intent.REGISTRATION
ADDED from AndroidManifest.xml:249:13
action#com.google.android.c2dm.intent.RECEIVE
ADDED from AndroidManifest.xml:252:17
	android:name
		ADDED from AndroidManifest.xml:252:25
action#com.google.android.c2dm.intent.REGISTRATION
ADDED from AndroidManifest.xml:254:17
	android:name
		ADDED from AndroidManifest.xml:254:25
category#com.contractorsintelligence
ADDED from AndroidManifest.xml:256:17
	android:name
		ADDED from AndroidManifest.xml:256:27
service#com.contractorsintelligence.cis.GCMIntentService
ADDED from AndroidManifest.xml:260:9
	android:name
		ADDED from AndroidManifest.xml:260:18
uses-permission#android.permission.GET_ACCOUNTS
ADDED from AndroidManifest.xml:267:5
	android:name
		ADDED from AndroidManifest.xml:267:22
uses-permission#android.permission.WAKE_LOCK
ADDED from AndroidManifest.xml:270:5
	android:name
		ADDED from AndroidManifest.xml:270:22
uses-permission#com.contractorsintelligence.permission.C2D_MESSAGE
ADDED from AndroidManifest.xml:277:5
	android:protectionLevel
		ADDED from AndroidManifest.xml:277:88
	android:name
		ADDED from AndroidManifest.xml:277:22
uses-permission#com.google.android.c2dm.permission.RECEIVE
ADDED from AndroidManifest.xml:280:5
	android:name
		ADDED from AndroidManifest.xml:280:22
uses-permission#android.permission.VIBRATE
ADDED from AndroidManifest.xml:286:5
	android:name
		ADDED from AndroidManifest.xml:286:22